[RUN #0 5 5]
539 -839 320 -474 -362
286 -203 -717 540 -344
915 -649 901 0 431
-30 952 -104 -940 233
321 -969 -509 234 -431
[RUN #1 5 5]
150 -198 926 583 -906
-927 663 71 28 -403
-477 -349 -570 106 -435
-137 937 4 -272 571
-737 -869 673 -128 -371
[RUN #2 5 5]
-532 -395 496 982 622
944 -460 286 143 165
888 263 -891 -756 507
194 -270 -476 674 611
-68 -752 404 -737 -678
[RUN #3 5 5]
-618 -202 593 840 -313
-301 475 588 -767 -831
720 -742 650 858 126
851 652 737 -759 114
929 -308 -602 771 587
[RUN #4 5 5]
461 -974 -796 -784 694
652 -964 -274 941 -252
-814 -897 -12 -636 993
158 88 -864 854 217
803 123 -435 -892 -549
[RUN #5 5 5]
438 -750 110 68 668
362 -956 -859 664 588
-289 -103 -166 -74 429
-677 -348 379 -496 -74
-775 185 663 -941 -638
[RUN #6 5 5]
511 -506 -94 309 972
102 551 -826 902 861
32 264 437 837 711
-217 -327 -73 -512 246
-64 -236 503 636 -523
[RUN #7 5 5]
-767 -4 814 -67 -335
-678 911 -245 -84 -64
556 350 -906 -350 -684
-126 753 554 -925 33
-591 -701 -360 -584 929
[RUN #8 5 5]
-309 834 -886 797 101
-404 -76 -935 37 351
615 559 795 639 -709
-183 -943 -101 -643 656
-279 -623 767 758 402
[RUN #9 5 5]
236 583 -815 753 878
-697 967 130 -970 -65
-946 308 597 -500 -210
104 491 284 523 -883
288 -320 -310 -210 235
[RUN #10 5 5]
-677 898 321 -201 475
-872 286 -329 -744 124
-919 -874 -145 -33 -852
97 981 -621 -862 -618
434 582 117 -113 124
[RUN #11 5 5]
186 -758 -975 249 838
-312 782 319 -200 -467
-123 127 337 498 698
-834 -460 223 622 702
-569 166 -609 852 950
[RUN #12 5 5]
-819 -892 -135 -140 339
-266 -513 -689 667 315
-88 -775 -556 -193 670
-650 -623 419 -497 749
-107 389 -820 -768 230
[RUN #13 5 5]
-102 -199 -435 559 136
714 138 -294 278 -832
564 -556 -689 -92 557
-783 -241 -476 147 -482
-634 -578 -921 -7 -79
[RUN #14 5 5]
-833 518 -708 -200 -137
-122 224 542 -16 356
122 135 -3 82 245
27 985 229 -586 -866
-477 912 648 -554 -821
[RUN #15 5 5]
3 -878 472 -721 -976
-154 852 944 -129 -758
-395 -845 535 -691 858
949 910 -867 -556 -171
-741 824 948 168 147
[RUN #16 5 5]
-338 -122 -58 -590 213
-368 -518 -553 -860 -729
-753 -675 -819 -329 681
976 -297 385 395 444
-830 -205 726 250 -186
[RUN #17 5 5]
-961 -444 -759 -289 372
414 763 97 -309 -110
662 -588 168 -733 654
249 -76 14 937 786
-88 -940 -741 734 -591
[RUN #18 5 5]
33 482 -454 293 492
-239 418 -148 18 356
533 501 -604 -974 236
4 -898 544 875 368
741 -922 68 692 -839
[RUN #19 5 5]
644 -375 393 -266 348
382 628 -308 830 276
-850 -441 118 904 -444
378 504 911 -547 122
-287 473 286 -913 326
[RUN #20 5 5]
644 843 -436 -20 -113
-592 537 -977 343 -111
-992 -235 750 566 287
387 743 855 694 884
755 548 -884 -600 339
[RUN #21 5 5]
-130 945 -125 147 -921
744 -454 173 109 -258
-541 -146 155 774 558
-541 735 -942 465 -581
213 -658 -444 -36 -676
[RUN #22 5 5]
443 -871 -235 -10 -916
214 725 -672 -601 144
-392 -867 -657 293 -482
-621 -456 -930 -338 462
-72 619 -99 -324 -413
[RUN #23 5 5]
-517 -567 -419 -63 138
-347 -334 -450 155 -991
-112 -284 692 -621 -282
867 659 835 -5 -31
-250 -803 124 410 959
[RUN #24 5 5]
15 744 -195 -275 128
-75 -84 -778 -436 285
154 212 -902 809 6
-112 -177 281 764 -541
-691 887 -47 -89 -264
[RUN #25 5 5]
-2 -318 520 391 -869
-749 -758 537 -897 -877
686 587 107 53 946
808 927 91 -764 308
133 -363 259 816 668
[RUN #26 5 5]
-922 -228 450 571 -485
597 -315 -567 593 468
904 62 844 962 46
272 565 -765 532 787
-810 -813 292 228 504
[RUN #27 5 5]
-591 -7 -567 -75 -94
-118 335 -951 563 920
664 -446 -212 671 999
-602 711 -406 566 411
-523 575 -735 215 -660
[RUN #28 5 5]
-518 114 434 -394 647
-416 387 -575 -403 763
915 22 -904 266 50
747 423 382 889 -326
-125 -919 -514 -577 313
[RUN #29 5 5]
-283 -964 -801 -290 736
-295 390 964 696 -194
335 510 -849 257 -126
606 559 -764 927 592
-964 777 -197 398 418
[RUN #30 5 5]
-22 355 8 -133 -673
-816 37 193 -335 931
405 -689 -196 768 -544
-344 677 57 189 -334
627 -640 32 -87 -891
[RUN #31 5 5]
-166 576 519 -952 -229
515 544 -642 119 947
995 -678 929 77 257
600 -338 438 -229 -987
-214 668 63 348 109
[RUN #32 5 5]
-527 -652 -45 790 -319
-390 -264 -467 -647 -183
849 212 449 354 -134
-786 -759 217 -965 -713
-292 -858 -187 419 -686
[RUN #33 5 5]
564 -54 885 449 80
-410 -504 -794 508 389
-678 -858 -949 -261 946
-656 683 566 750 429
592 612 -942 -242 899
[RUN #34 5 5]
-164 -801 285 -785 964
12 -903 -939 311 -379
-500 811 -365 827 -861
-556 671 -456 224 -414
121 507 -954 936 318
[RUN #35 5 5]
602 -90 -264 -703 -697
-923 -464 -657 -719 -454
212 885 472 -572 800
-524 191 889 -340 -115
-312 -886 -484 731 -625
[RUN #36 5 5]
-740 -375 392 786 501
394 -84 -178 63 -440
-863 560 -418 620 870
744 -871 -152 951 -303
-423 -660 -1 -221 500
[RUN #37 5 5]
-335 -626 881 631 -973
-106 989 191 306 -751
862 156 -127 -778 358
561 -684 -378 606 572
398 846 523 -749 599
[RUN #38 5 5]
137 -993 608 274 -46
359 835 2 -996 -641
839 -501 -101 737 219
767 837 766 269 -523
841 197 -421 -297 -770
[RUN #39 5 5]
-97 454 -320 456 -721
-516 900 799 -496 633
852 939 -636 -142 794
-629 -894 281 3 -184
395 -147 410 655 361
[RUN #40 5 3]
-393 -437 305 53 -690
-667 -367 -848 264 -877
-279 -500 -882 -841 -897
[RUN #41 3 5]
-700 -653 139
424 95 -442
841 -902 -832
-562 -501 891
-183 -951 -591
[RUN #42 3 5]
-985 341 366
-620 282 -812
844 252 734
192 172 469
-41 -797 -186
[RUN #43 3 5]
875 -46 -622
-166 444 936
975 -14 775
-451 163 -4
-489 -805 707
[RUN #44 5 5]
309 -922 841 132 -687
-692 -679 573 65 387
524 -147 -565 -987 840
534 -484 -606 230 -3
761 -549 -513 586 -263
[RUN #45 5 5]
571 238 97 651 -579
-155 399 -437 -246 -134
209 -137 174 197 625
287 -183 68 665 -386
550 -1 -168 -44 -691
[RUN #46 5 5]
-761 418 -262 -788 -805
-687 735 95 429 186
-974 -674 -905 173 -47
762 -528 -126 -605 734
-882 -990 156 528 594
[RUN #47 5 5]
392 -919 -823 -338 629
713 122 -372 209 562
114 318 -795 300 -905
-481 251 -165 148 -525
-492 393 -494 229 -611
[RUN #48 5 5]
183 -49 -981 -351 -977
356 -758 739 -694 484
-779 -219 -106 -549 141
534 383 -846 76 41
423 669 -996 -874 526
[RUN #49 5 5]
232 -703 659 -827 273
-319 -773 749 117 -775
314 -336 489 -746 415
-266 -912 744 -683 -191
-615 -978 766 -410 -439
[RUN #50 5 5]
478 32 -489 798 157
586 -561 -583 -197 374
846 463 -151 -916 263
555 -237 -643 180 -858
868 850 42 -681 -726
[RUN #51 5 5]
347 180 685 232 803
362 -67 -724 479 -191
184 -723 -116 77 -750
-78 898 -176 -678 491
-350 281 380 -259 262
[RUN #52 5 5]
-795 -800 93 6 803
-901 304 160 -491 -193
-581 -189 992 360 229
975 -635 -678 -870 693
-46 250 345 -865 -901
[RUN #53 5 5]
949 821 -763 -243 280
299 -466 -8 662 206
-33 -655 -314 830 337
951 199 -469 -950 546
576 316 -533 483 496
[RUN #54 5 5]
-301 178 -754 -107 148
-373 345 625 -357 105
-45 -800 269 -176 -81
295 -1000 903 760 916
-119 483 604 -73 -354
[RUN #55 5 5]
195 -519 521 772 90
959 -949 505 439 -624
27 684 -387 345 -339
434 423 -394 -223 -182
83 17 94 -249 -466
[RUN #56 5 5]
426 -595 760 -317 601
-296 -476 544 -348 -138
602 -731 754 164 365
239 -577 -7 -304 -400
-720 695 -397 -930 558
[RUN #57 5 5]
-739 327 339 -953 -129
763 389 -94 925 -734
-618 854 497 698 571
-313 -614 584 365 77
-877 -246 98 -694 84
[RUN #58 5 5]
29 281 -820 295 -653
586 -795 -123 -596 117
829 37 998 -715 -450
144 523 485 554 -137
670 906 965 934 894
[RUN #59 5 5]
242 -972 -557 -818 -335
793 815 749 -46 -684
801 536 -259 782 527
372 -380 -187 -622 207
465 715 787 294 268
[RUN #60 5 5]
297 963 289 -447 -186
-110 -904 -151 290 -548
-233 -465 -590 359 -948
478 312 709 938 533
-701 -85 -752 -374 440
[RUN #61 5 5]
-622 640 -351 499 -702
-902 916 66 -667 960
479 109 36 -393 354
14 -467 -882 -87 -234
563 -832 523 847 -805
[RUN #62 5 5]
271 624 -157 862 -779
-816 -469 -239 -895 -136
-696 -496 -947 232 -233
-798 -273 -10 980 -183
636 -151 -743 -144 -636
[RUN #63 5 5]
-659 -859 764 340 948
-629 410 273 81 264
404 -862 413 237 179
-803 -721 -391 917 -659
-472 -410 123 479 -457
[RUN #64 5 5]
-564 -418 656 241 -851
701 414 -756 -303 -954
-311 839 619 -530 -87
399 -462 -90 -941 -618
287 783 453 -96 431
[RUN #65 5 5]
267 874 -482 690 241
767 504 -25 437 707
204 -390 631 -480 -713
689 -555 -310 -414 685
-386 489 -737 -791 -842
[RUN #66 5 5]
-509 -561 551 63 -187
-536 888 -790 484 936
181 -121 -726 209 460
138 430 -519 756 994
632 -628 -871 -758 915
[RUN #67 5 5]
-347 -585 108 -146 564
51 174 -115 -556 600
-236 -152 -16 -309 523
-934 -486 580 -150 190
-899 -831 151 73 -381
[RUN #68 5 5]
732 -785 -710 582 -89
851 -584 615 -316 -793
467 -788 429 -871 567
-339 792 -633 -469 718
847 326 19 585 771
[RUN #69 5 5]
41 73 -564 689 189
-555 297 -673 -408 786
-733 -661 675 139 -657
710 711 762 -603 722
515 632 -528 -746 -389
[RUN #70 5 5]
-776 -815 125 -109 -214
-324 -373 455 634 -98
476 726 238 -398 -684
-953 948 -809 959 498
241 -111 -753 -472 694
[RUN #71 5 5]
490 735 869 -184 80
568 -445 297 -260 235
714 232 170 -772 -933
747 108 -576 727 -48
-266 -35 -340 469 414
[RUN #72 5 5]
-904 560 995 -804 494
194 886 934 674 482
898 -419 -852 -976 719
-282 884 908 196 -363
565 584 -103 -74 -531
[RUN #73 5 5]
-404 336 217 787 -498
914 80 825 -430 514
869 -375 -302 336 896
23 -689 432 -219 -477
-24 -370 541 -557 624
[RUN #74 5 5]
-120 607 841 586 230
-977 -284 881 -415 -17
226 316 -233 -963 -773
-535 -738 -903 -960 -107
-724 -756 -550 600 206
[RUN #75 5 5]
665 274 88 -847 74
882 -952 -895 -592 720
552 998 -848 119 364
-146 -459 -942 -317 -818
-925 624 -475 -231 -402
[RUN #76 5 5]
-711 644 640 531 708
533 802 -86 -21 311
714 -849 600 -869 990
-269 553 247 -976 458
811 -477 641 -889 293
[RUN #77 5 5]
-342 520 -181 -578 -552
836 583 -687 286 335
-532 51 220 -175 726
-65 534 905 -245 248
857 -120 264 604 760
[RUN #78 5 5]
141 -746 -123 -180 647
848 261 -605 804 -522
-469 921 620 378 -870
354 -245 450 -470 729
930 -90 -447 -66 442
[RUN #79 5 5]
-373 -508 -727 135 -78
-279 447 686 -87 27
-210 876 888 -336 96
56 -421 -210 -754 323
-283 -433 -547 948 42
[RUN #80 5 5]
-177 -411 -941 938 241
-684 77 -337 -12 -19
990 -622 -841 -430 594
-932 626 -572 146 901
-989 -810 -589 -39 882
[RUN #81 5 5]
-985 273 -576 -166 868
-787 435 -347 671 527
267 -220 -287 704 -867
-135 606 822 492 70
7 -378 -779 420 475
